C51 COMPILER V9.52.0.0   MAIN                                                              05/27/2017 16:27:44 PAGE 1   


C51 COMPILER V9.52.0.0, COMPILATION OF MODULE MAIN
OBJECT MODULE PLACED IN MAIN.OBJ
COMPILER INVOKED BY: C:\Keil\C51\BIN\C51.EXE MAIN.C ROM(COMPACT) BROWSE DEBUG OBJECTEXTEND TABS(2)

line level    source

   1          #include "reg52.h"
   2          #include <string.h>
   3          #include <intrins.h>
   4          #include "main.h"
   5          #include "slrc632.h"
   6          //#include "iso14443a.h"
   7          //#include "iso14443b.h"
   8          #include "iso15693.h" 
   9          #include "LCD1602.h"
  10          #include <absacc.h>
  11          //硬件版本号         
  12          //unsigned char code hardmodel[12]  = {"SL601F-0512"};  
  13          
  14          bit g_bReceOk;                                              //正确接收到上位机指令标志
  15          bit g_bReceAA;                                              //接收到上位机发送的AA字节标志
  16          bit g_bRc632Ok;                                             //RC632复位正常标志
  17          
  18          
  19          unsigned int  g_cReceNum;                                   //接收到上位机的字节数
  20          unsigned int  idata g_cCommand;                              //接收到的命令码
  21          
  22          unsigned char idata sBuffer[64];                         //和上位机通讯时的缓冲区
  23          unsigned char idata UID[32];
  24          unsigned char xdata LastUID[32];
  25          unsigned char xdata UIDFlag=0;
  26          
  27          unsigned char lfirst=0,timeover;
  28          unsigned long idata seltime=0;
  29          unsigned char idata second=0;
  30          unsigned char xdata maxcardno=0;
  31          
  32          struct TranSciveBuffer{unsigned char MfCommand;
  33                                 unsigned int  MfLength;
  34                                 unsigned char MfData[64];
  35                                };
  36          
  37          void delay(unsigned int i)
  38          {
  39   1         unsigned char j;
  40   1         while(i--) for(j=0;j<200;j++);
  41   1      }
  42          
  43          
  44          
  45          void timer0()  interrupt 1
  46          {
  47   1        TH0 = 0xF8;//0xFD;
  48   1        TL0 = 0xCD;   //重装计数初值,定时时间为1ms
  49   1         
  50   1        seltime++;//随机数，加1
  51   1        if(seltime>999) 
  52   1        {
  53   2           seltime=0;
  54   2           second++;
  55   2        }
C51 COMPILER V9.52.0.0   MAIN                                                              05/27/2017 16:27:44 PAGE 2   

  56   1      
  57   1      } 
  58          
  59          void BEEPOPEN(void)
  60          {
  61   1          sond =  1;
  62   1          cpldog();
  63   1         
  64   1      }
  65          
  66          void BEEPCLOSE(void)
  67          {
  68   1          sond =0; 
  69   1      }
  70          
  71          void REDON(void)
  72          {
  73   1          redled =  0;
  74   1      }
  75          
  76          void REDOFF(void)
  77          {
  78   1          redled =  1;
  79   1      }
  80          
  81          
  82          void main( )
  83          {    
  84   1         unsigned char temp;
  85   1         unsigned char flags = 0x02;
  86   1         unsigned char xdata readtime,k,m,n;
  87   1         unsigned char xdata initUID[8]={0};
  88   1         unsigned char xdata flag=0,flag2=0;
  89   1         unsigned char cardsn;
  90   1         InitializeSystem( );
  91   1         Rc632Ready( );
  92   1         PcdConfigISOType(0x31);
  93   1         sBuffer[6]=0xAA;
  94   1         sBuffer[7]='A';
  95   1         sBuffer[8]=0xAA;
  96   1         txs232(9);
  97   1         memset(UID,0,32);
  98   1         memset(initUID,0,8);
  99   1         memset(LastUID,1,32);
 100   1         REDON();
 101   1         BEEPCLOSE();
 102   1         timeover=0;
 103   1         RC632_CE=0;
 104   1         
 105   1         LcdInit();  //12864初始化
 106   1      
 107   1         while ( 1 )
 108   1         {  
 109   2      start:     
 110   2           if(timeover>5)
 111   2           {
 112   3             REDON();
 113   3             timeover=30;
 114   3             
 115   3           }
 116   2           timeover++;  
 117   2           for(readtime=0;readtime<4;readtime++)  
C51 COMPILER V9.52.0.0   MAIN                                                              05/27/2017 16:27:44 PAGE 3   

 118   2           {     
 119   3             delay(5);
 120   3             temp=ISO15693_Inventory16(0x16,0x00,0x00,&sBuffer[0],&sBuffer[0], &sBuffer[1]);
 121   3             if(temp!=MI_OK)   //如果寻卡失败继续寻卡
 122   3             {
 123   4                 temp=ISO15693_Inventory(0x16,0x00,0x00,&sBuffer[0],&sBuffer[1]);
 124   4                 if(temp!=MI_OK)   
 125   4                 {
 126   5                     memset(UID,0,32);
 127   5                     flag = 0;
 128   5                     lfirst = 0;
 129   5                     maxcardno=0;
 130   5                     goto start;
 131   5                 }
 132   4             }          //寻卡成功
 133   3             /*else
 134   3                LcdInit();*/
 135   3             //lcd_wcmd(0x01, 1);
 136   3             //LcdInit();  //12864初始化
 137   3             cardsn = sBuffer[0]/9;
 138   3             if(cardsn>maxcardno)
 139   3             {
 140   4                maxcardno = cardsn;
 141   4             }
 142   3             for(k=0;k<cardsn;k++)
 143   3             {
 144   4                flag = 0;
 145   4                flag2 = 0;
 146   4                for(m=0;m<4;m++)
 147   4                {
 148   5                    if(memcmp(&sBuffer[k*9+2],UID+m*8,8)==0)
 149   5                    {
 150   6                       flag = 1;
 151   6                       m=4;
 152   6                    }
 153   5                }
 154   4                if(flag) continue;
 155   4                    
 156   4                for(n=0;n<4;n++)
 157   4                {
 158   5                    if(memcmp(UID+n*8,initUID,8)==0)
 159   5                    {
 160   6                        memcpy(UID+n*8,&sBuffer[k*9+2],8);
 161   6                        memcpy(sBuffer,UID+n*8,8);
 162   6                        flag2 =1;
 163   6                        n =4;
 164   6      
 165   6                    }
 166   5                }
 167   4                if(flag2) continue;
 168   4              }
 169   3           }
 170   2           if(lfirst==1) goto start;
 171   2           memcpy(sBuffer,UID,maxcardno*8);
 172   2           txs232(maxcardno*8);            //上传ID号
 173   2           lfirst = 1;
 174   2           LCD_UIDSHOW(maxcardno*8);       //12864显示
 175   2           
 176   2      //     for(k=0;k<maxcardno;k++)      //上传内容
 177   2      //     {
 178   2      //       flags |= 0x02 << 4;
 179   2      //       temp=ISO15693_Read_sm(flags,&UID[8*k],0x00,0x01,&sBuffer[0],&sBuffer[1]);
C51 COMPILER V9.52.0.0   MAIN                                                              05/27/2017 16:27:44 PAGE 4   

 180   2      //       if(temp!=MI_OK) 
 181   2      //       {
 182   2      //         temp=ISO15693_Read_sm(flags,&UID[8*k],0x00,0x01,&sBuffer[0],&sBuffer[1]);
 183   2      //         if(temp!=MI_OK) 
 184   2      //         {
 185   2      //           temp=ISO15693_Read_sm(flags,&UID[8*k],0x00,0x01,&sBuffer[0],&sBuffer[1]);
 186   2      //           if(temp!=MI_OK)
 187   2      //           {
 188   2      //             temp=ISO15693_Read_sm(flags,&UID[8*k],0x00,0x01,&sBuffer[0],&sBuffer[1]);
 189   2      //             if(temp!=MI_OK)
 190   2      //             {
 191   2      //                maxcardno = 0;
 192   2      //                continue;
 193   2      //             }
 194   2      //           }
 195   2      //         }
 196   2      //       }
 197   2      //       temp = sBuffer[0]+9;
 198   2      //       memcpy(sBuffer+5,&UID[8*k],8);
 199   2      //       txs232(temp);//上传读到块0 的数据以及数据的对应的ID号
 200   2      //     }
 201   2           maxcardno = 0;
 202   2           BEEPOPEN();
 203   2           REDOFF();
 204   2           timeover=0;
 205   2           delay(100);
 206   2           cpldog();
 207   2           BEEPCLOSE();
 208   2        
 209   2           }
 210   1      }
 211          
 212          
 213          
 214          /////////////////////////////////////////////////////////////////////
 215          //系统初始化
 216          /////////////////////////////////////////////////////////////////////
 217          void InitializeSystem()
 218          {
 219   1          //TMOD &= 0x0F;
 220   1          TMOD = 0x21;
 221   1          PCON |= 0x80;
 222   1          SCON  = 0x50;
 223   1          TH1 = TL1 = BOUND115200; 
 224   1          TR1=1;
 225   1          TR0=1;
 226   1          ET0=1;
 227   1          P0 = P1 = P2 = P3 = 0xFF;
 228   1          EA=1;
 229   1          BEEPOPEN(); 
 230   1      }
 231          
 232          void cpldog(void)
 233          {
 234   1         dog=~dog;
 235   1      }
 236          
 237          /////////////////////////////////////////////////////////////////////
 238          //初始化RC632
 239          /////////////////////////////////////////////////////////////////////
 240          void Rc632Ready()
 241          {
C51 COMPILER V9.52.0.0   MAIN                                                              05/27/2017 16:27:44 PAGE 5   

 242   1          char status;
 243   1      
 244   1      
 245   1      
 246   1          status = PcdReset();
 247   1          if(status != MI_OK)
 248   1          {
 249   2              DelayMs(10);
 250   2              status = PcdReset();
 251   2          } 
 252   1          if(status != MI_OK)
 253   1          {
 254   2              DelayMs(10);
 255   2              status = PcdReset();
 256   2          } 
 257   1            
 258   1      }
 259          void txbyte(char by)
 260          {
 261   1        TI=0;
 262   1        SBUF=by;
 263   1        while(!TI); 
 264   1        TI=0;
 265   1      } 
 266          
 267          
 268          
 269          void txs232(unsigned char len)
 270          {
 271   1        unsigned char chk,i=len;
 272   1        unsigned char  *pi;
 273   1        unsigned char  *pa;
 274   1        chk=0;
 275   1        //EA=0;
 276   1        TI=0;
 277   1        pi=sBuffer;
 278   1        pa=sBuffer+1; 
 279   1        while(i--)
 280   1        {
 281   2          txbyte(*pi++);
 282   2        }
 283   1        i=len-1;
 284   1        while(i--)  chk^=*pa++;  //异或校验序列号
 285   1        txbyte(chk);
 286   1        txbyte(0x0d); //包尾0d
 287   1        return ;
 288   1      }
 289          
 290          
 291          
 292          void DelayMs(unsigned int _MS)
 293          {
 294   1          RCAP2LH = RCAP2_1ms;
 295   1          T2LH    = RCAP2_1ms;
 296   1      
 297   1          ET2     = 0;                                     // Disable timer2 interrupt
 298   1          T2CON   = 0x04;                                        // 16-bit auto-reload, clear TF2, start timer
 299   1          TR2     = 1;
 300   1          while (_MS--)
 301   1          {   while (!TF2);TF2 = 0;  }
 302   1          TR2 = 0;
 303   1      }
C51 COMPILER V9.52.0.0   MAIN                                                              05/27/2017 16:27:44 PAGE 6   



MODULE INFORMATION:   STATIC OVERLAYABLE
   CODE SIZE        =    972    ----
   CONSTANT SIZE    =      8    ----
   XDATA SIZE       =     34      14
   PDATA SIZE       =   ----    ----
   DATA SIZE        =      4       8
   IDATA SIZE       =    103    ----
   BIT SIZE         =      3    ----
END OF MODULE INFORMATION.


C51 COMPILATION COMPLETE.  0 WARNING(S),  0 ERROR(S)
